  rays.cpp
C:\KG Graphics\RTX\RTX\rays.cpp(139,22): warning C4305: инициализация: усечение из "double" в "float"
C:\KG Graphics\RTX\RTX\rays.cpp(145,66): warning C4305: аргумент: усечение из "double" в "const float"
C:\KG Graphics\RTX\RTX\rays.cpp(145,38): warning C4244: аргумент: преобразование "double" в "const float", возможна потеря данных
C:\KG Graphics\RTX\RTX\rays.cpp(154,28): warning C4305: инициализация: усечение из "double" в "float"
C:\KG Graphics\RTX\RTX\rays.cpp(197,17): warning C4244: инициализация: преобразование "double" в "float", возможна потеря данных
C:\KG Graphics\RTX\RTX\rays.cpp(201,22): warning C4244: инициализация: преобразование "double" в "float", возможна потеря данных
C:\KG Graphics\RTX\RTX\rays.cpp(202,22): warning C4244: инициализация: преобразование "double" в "float", возможна потеря данных
C:\KG Graphics\RTX\RTX\rays.cpp(212,23): warning C4018: <: несоответствие типов со знаком и без знака
C:\KG Graphics\RTX\RTX\rays.cpp(233,71): warning C4305: аргумент: усечение из "double" в "T"
          with
          [
              T=float
          ]
C:\KG Graphics\RTX\RTX\rays.cpp(234,72): warning C4305: аргумент: усечение из "double" в "T"
          with
          [
              T=float
          ]
C:\KG Graphics\RTX\RTX\rays.cpp(235,68): warning C4305: аргумент: усечение из "double" в "T"
          with
          [
              T=float
          ]
C:\Program Files\Microsoft Visual Studio\2022\Community\VC\Tools\MSVC\14.32.31326\include\xmemory(680,68): warning C4244: аргумент: преобразование "_Ty" в "const float", возможна потеря данных
          with
          [
              _Ty=double
          ]
C:\Program Files\Microsoft Visual Studio\2022\Community\VC\Tools\MSVC\14.32.31326\include\vector(813): message : выполняется компиляция ссылки на экземпляр шаблон функции "void std::_Default_allocator_traits<_Alloc>::construct<_Ty,Vec3<float>,int,Vec3<float>,int,double>(_Alloc &,_Objty *const ,Vec3<float> &&,int &&,Vec3<float> &&,int &&,double &&)"
          with
          [
              _Alloc=std::allocator<Sphere>,
              _Ty=Sphere,
              _Objty=Sphere
          ]
C:\Program Files\Microsoft Visual Studio\2022\Community\VC\Tools\MSVC\14.32.31326\include\vector(824): message : выполняется компиляция ссылки на экземпляр шаблон функции "void std::_Default_allocator_traits<_Alloc>::construct<_Ty,Vec3<float>,int,Vec3<float>,int,double>(_Alloc &,_Objty *const ,Vec3<float> &&,int &&,Vec3<float> &&,int &&,double &&)"
          with
          [
              _Alloc=std::allocator<Sphere>,
              _Ty=Sphere,
              _Objty=Sphere
          ]
C:\Program Files\Microsoft Visual Studio\2022\Community\VC\Tools\MSVC\14.32.31326\include\vector(800): message : выполняется компиляция ссылки на экземпляр шаблон функции "_Ty &std::vector<_Ty,std::allocator<_Ty>>::_Emplace_back_with_unused_capacity<Vec3<float>,int,Vec3<float>,int,double>(Vec3<float> &&,int &&,Vec3<float> &&,int &&,double &&)"
          with
          [
              _Ty=Sphere
          ]
C:\Program Files\Microsoft Visual Studio\2022\Community\VC\Tools\MSVC\14.32.31326\include\vector(806): message : выполняется компиляция ссылки на экземпляр шаблон функции "_Ty &std::vector<_Ty,std::allocator<_Ty>>::_Emplace_back_with_unused_capacity<Vec3<float>,int,Vec3<float>,int,double>(Vec3<float> &&,int &&,Vec3<float> &&,int &&,double &&)"
          with
          [
              _Ty=Sphere
          ]
C:\Program Files\Microsoft Visual Studio\2022\Community\VC\Tools\MSVC\14.32.31326\include\vector(886): message : выполняется компиляция ссылки на экземпляр шаблон функции "_Ty &std::vector<_Ty,std::allocator<_Ty>>::_Emplace_one_at_back<Vec3<float>,int,Vec3<float>,int,double>(Vec3<float> &&,int &&,Vec3<float> &&,int &&,double &&)"
          with
          [
              _Ty=Sphere
          ]
C:\Program Files\Microsoft Visual Studio\2022\Community\VC\Tools\MSVC\14.32.31326\include\vector(888): message : выполняется компиляция ссылки на экземпляр шаблон функции "_Ty &std::vector<_Ty,std::allocator<_Ty>>::_Emplace_one_at_back<Vec3<float>,int,Vec3<float>,int,double>(Vec3<float> &&,int &&,Vec3<float> &&,int &&,double &&)"
          with
          [
              _Ty=Sphere
          ]
C:\KG Graphics\RTX\RTX\rays.cpp(233): message : выполняется компиляция ссылки на экземпляр шаблон функции "void std::vector<Sphere,std::allocator<Sphere>>::emplace_back<Vec3f,int,Vec3f,int,double>(Vec3f &&,int &&,Vec3f &&,int &&,double &&)"
C:\Program Files\Microsoft Visual Studio\2022\Community\VC\Tools\MSVC\14.32.31326\include\xmemory(680,68): warning C4244: аргумент: преобразование "_Ty" в "const float", возможна потеря данных
          with
          [
              _Ty=int
          ]
  RTX.vcxproj -> C:\KG Graphics\RTX\x64\Debug\RTX.exe
